# JRE version: OpenJDK Runtime Environment Temurin-17.0.2+8 (17.0.2+8) (build 17.0.2+8)
# Java VM: OpenJDK 64-Bit Server VM Temurin-17.0.2+8 (17.0.2+8, mixed mode, tiered, compressed oops, compressed class ptrs, parallel gc, linux-amd64)
GC Precious Log:
 CPUs: 8 total, 8 available
 Memory: 3893M
 Large Page Support: Disabled
 NUMA Support: Disabled
 Compressed Oops: Enabled (32-bit)
 Alignments: Space 512K, Generation 512K, Heap 2M
 Heap Min Capacity: 100M
 Heap Initial Capacity: 100M
 Heap Max Capacity: 1G
 Pre-touch: Disabled
 Parallel Workers: 8
Heap:
 PSYoungGen      total 32256K, used 2121K [0x00000000eab00000, 0x00000000ed580000, 0x0000000100000000)
  eden space 22528K, 0% used [0x00000000eab00000,0x00000000eab00000,0x00000000ec100000)
  from space 9728K, 21% used [0x00000000ecc00000,0x00000000ece126d0,0x00000000ed580000)
  to   space 10240K, 0% used [0x00000000ec180000,0x00000000ec180000,0x00000000ecb80000)
 ParOldGen       total 130048K, used 128997K [0x00000000c0000000, 0x00000000c7f00000, 0x00000000eab00000)
  object space 130048K, 99% used [0x00000000c0000000,0x00000000c7df9590,0x00000000c7f00000)
 Metaspace       used 73873K, committed 75264K, reserved 1122304K
  class space    used 7566K, committed 8384K, reserved 1048576K
GC Heap History (20 events):
Event: 183.271 GC heap after
{Heap after GC invocations=142 (full 7):
 PSYoungGen      total 29184K, used 8466K [0x00000000eab00000, 0x00000000ed100000, 0x0000000100000000)
  eden space 20480K, 0% used [0x00000000eab00000,0x00000000eab00000,0x00000000ebf00000)
  from space 8704K, 97% used [0x00000000ebf00000,0x00000000ec7448a0,0x00000000ec780000)
  to   space 9216K, 0% used [0x00000000ec800000,0x00000000ec800000,0x00000000ed100000)
 ParOldGen       total 129536K, used 99242K [0x00000000c0000000, 0x00000000c7e80000, 0x00000000eab00000)
  object space 129536K, 76% used [0x00000000c0000000,0x00000000c60ea9c8,0x00000000c7e80000)
 Metaspace       used 73750K, committed 75200K, reserved 1122304K
  class space    used 7566K, committed 8384K, reserved 1048576K
}
Event: 183.434 GC heap before
{Heap before GC invocations=143 (full 7):
 PSYoungGen      total 29184K, used 28946K [0x00000000eab00000, 0x00000000ed100000, 0x0000000100000000)
  eden space 20480K, 100% used [0x00000000eab00000,0x00000000ebf00000,0x00000000ebf00000)
  from space 8704K, 97% used [0x00000000ebf00000,0x00000000ec7448a0,0x00000000ec780000)
  to   space 9216K, 0% used [0x00000000ec800000,0x00000000ec800000,0x00000000ed100000)
 ParOldGen       total 129536K, used 99242K [0x00000000c0000000, 0x00000000c7e80000, 0x00000000eab00000)
  object space 129536K, 76% used [0x00000000c0000000,0x00000000c60ea9c8,0x00000000c7e80000)
 Metaspace       used 73775K, committed 75200K, reserved 1122304K
  class space    used 7566K, committed 8384K, reserved 1048576K
}
Event: 183.468 GC heap after
{Heap after GC invocations=143 (full 7):
 PSYoungGen      total 25600K, used 9186K [0x00000000eab00000, 0x00000000edb00000, 0x0000000100000000)
  eden space 16384K, 0% used [0x00000000eab00000,0x00000000eab00000,0x00000000ebb00000)
  from space 9216K, 99% used [0x00000000ec800000,0x00000000ed0f8af0,0x00000000ed100000)
  to   space 13312K, 0% used [0x00000000ebb00000,0x00000000ebb00000,0x00000000ec800000)
 ParOldGen       total 129536K, used 102250K [0x00000000c0000000, 0x00000000c7e80000, 0x00000000eab00000)
  object space 129536K, 78% used [0x00000000c0000000,0x00000000c63da9f0,0x00000000c7e80000)
 Metaspace       used 73775K, committed 75200K, reserved 1122304K
  class space    used 7566K, committed 8384K, reserved 1048576K
}
Event: 183.576 GC heap before
{Heap before GC invocations=144 (full 7):
 PSYoungGen      total 25600K, used 25570K [0x00000000eab00000, 0x00000000edb00000, 0x0000000100000000)
  eden space 16384K, 100% used [0x00000000eab00000,0x00000000ebb00000,0x00000000ebb00000)
  from space 9216K, 99% used [0x00000000ec800000,0x00000000ed0f8af0,0x00000000ed100000)
  to   space 13312K, 0% used [0x00000000ebb00000,0x00000000ebb00000,0x00000000ec800000)
 ParOldGen       total 129536K, used 102250K [0x00000000c0000000, 0x00000000c7e80000, 0x00000000eab00000)
  object space 129536K, 78% used [0x00000000c0000000,0x00000000c63da9f0,0x00000000c7e80000)
 Metaspace       used 73847K, committed 75264K, reserved 1122304K
  class space    used 7566K, committed 8384K, reserved 1048576K
}
Event: 183.627 GC heap after
{Heap after GC invocations=144 (full 7):
 PSYoungGen      total 29696K, used 11029K [0x00000000eab00000, 0x00000000ed400000, 0x0000000100000000)
  eden space 16384K, 0% used [0x00000000eab00000,0x00000000eab00000,0x00000000ebb00000)
  from space 13312K, 82% used [0x00000000ebb00000,0x00000000ec5c5468,0x00000000ec800000)
  to   space 11776K, 0% used [0x00000000ec880000,0x00000000ec880000,0x00000000ed400000)
 ParOldGen       total 129536K, used 103026K [0x00000000c0000000, 0x00000000c7e80000, 0x00000000eab00000)
  object space 129536K, 79% used [0x00000000c0000000,0x00000000c649ca30,0x00000000c7e80000)
 Metaspace       used 73847K, committed 75264K, reserved 1122304K
  class space    used 7566K, committed 8384K, reserved 1048576K
}
Event: 183.904 GC heap before
{Heap before GC invocations=145 (full 7):
 PSYoungGen      total 29696K, used 27413K [0x00000000eab00000, 0x00000000ed400000, 0x0000000100000000)
  eden space 16384K, 100% used [0x00000000eab00000,0x00000000ebb00000,0x00000000ebb00000)
  from space 13312K, 82% used [0x00000000ebb00000,0x00000000ec5c5468,0x00000000ec800000)
  to   space 11776K, 0% used [0x00000000ec880000,0x00000000ec880000,0x00000000ed400000)
 ParOldGen       total 129536K, used 103026K [0x00000000c0000000, 0x00000000c7e80000, 0x00000000eab00000)
  object space 129536K, 79% used [0x00000000c0000000,0x00000000c649ca30,0x00000000c7e80000)
 Metaspace       used 73850K, committed 75264K, reserved 1122304K
  class space    used 7566K, committed 8384K, reserved 1048576K
}
Event: 183.918 GC heap after
{Heap after GC invocations=145 (full 7):
 PSYoungGen      total 27136K, used 11744K [0x00000000eab00000, 0x00000000eda00000, 0x0000000100000000)
  eden space 15360K, 0% used [0x00000000eab00000,0x00000000eab00000,0x00000000eba00000)
  from space 11776K, 99% used [0x00000000ec880000,0x00000000ed3f80c8,0x00000000ed400000)
  to   space 14848K, 0% used [0x00000000eba00000,0x00000000eba00000,0x00000000ec880000)
 ParOldGen       total 129536K, used 105316K [0x00000000c0000000, 0x00000000c7e80000, 0x00000000eab00000)
  object space 129536K, 81% used [0x00000000c0000000,0x00000000c66d9090,0x00000000c7e80000)
 Metaspace       used 73850K, committed 75264K, reserved 1122304K
  class space    used 7566K, committed 8384K, reserved 1048576K
}
Event: 184.139 GC heap before
{Heap before GC invocations=146 (full 7):
 PSYoungGen      total 27136K, used 27104K [0x00000000eab00000, 0x00000000eda00000, 0x0000000100000000)
  eden space 15360K, 100% used [0x00000000eab00000,0x00000000eba00000,0x00000000eba00000)
  from space 11776K, 99% used [0x00000000ec880000,0x00000000ed3f80c8,0x00000000ed400000)
  to   space 14848K, 0% used [0x00000000eba00000,0x00000000eba00000,0x00000000ec880000)
 ParOldGen       total 129536K, used 105316K [0x00000000c0000000, 0x00000000c7e80000, 0x00000000eab00000)
  object space 129536K, 81% used [0x00000000c0000000,0x00000000c66d9090,0x00000000c7e80000)
 Metaspace       used 73855K, committed 75264K, reserved 1122304K
  class space    used 7566K, committed 8384K, reserved 1048576K
}
Event: 184.162 GC heap after
{Heap after GC invocations=146 (full 7):
 PSYoungGen      total 26624K, used 11197K [0x00000000eab00000, 0x00000000ed380000, 0x0000000100000000)
  eden space 15360K, 0% used [0x00000000eab00000,0x00000000eab00000,0x00000000eba00000)
  from space 11264K, 99% used [0x00000000eba00000,0x00000000ec4ef5d8,0x00000000ec500000)
  to   space 12288K, 0% used [0x00000000ec780000,0x00000000ec780000,0x00000000ed380000)
 ParOldGen       total 129536K, used 109428K [0x00000000c0000000, 0x00000000c7e80000, 0x00000000eab00000)
  object space 129536K, 84% used [0x00000000c0000000,0x00000000c6add200,0x00000000c7e80000)
 Metaspace       used 73855K, committed 75264K, reserved 1122304K
  class space    used 7566K, committed 8384K, reserved 1048576K
}
Event: 184.413 GC heap before
{Heap before GC invocations=147 (full 7):
 PSYoungGen      total 26624K, used 26557K [0x00000000eab00000, 0x00000000ed380000, 0x0000000100000000)
  eden space 15360K, 100% used [0x00000000eab00000,0x00000000eba00000,0x00000000eba00000)
  from space 11264K, 99% used [0x00000000eba00000,0x00000000ec4ef5d8,0x00000000ec500000)
  to   space 12288K, 0% used [0x00000000ec780000,0x00000000ec780000,0x00000000ed380000)
 ParOldGen       total 129536K, used 109428K [0x00000000c0000000, 0x00000000c7e80000, 0x00000000eab00000)
  object space 129536K, 84% used [0x00000000c0000000,0x00000000c6add200,0x00000000c7e80000)
 Metaspace       used 73873K, committed 75264K, reserved 1122304K
  class space    used 7566K, committed 8384K, reserved 1048576K
}
Event: 184.425 GC heap after
{Heap after GC invocations=147 (full 7):
 PSYoungGen      total 27648K, used 11877K [0x00000000eab00000, 0x00000000ed380000, 0x0000000100000000)
  eden space 15360K, 0% used [0x00000000eab00000,0x00000000eab00000,0x00000000eba00000)
  from space 12288K, 96% used [0x00000000ec780000,0x00000000ed319698,0x00000000ed380000)
  to   space 12288K, 0% used [0x00000000ebb80000,0x00000000ebb80000,0x00000000ec780000)
 ParOldGen       total 129536K, used 111162K [0x00000000c0000000, 0x00000000c7e80000, 0x00000000eab00000)
  object space 129536K, 85% used [0x00000000c0000000,0x00000000c6c8e9f0,0x00000000c7e80000)
 Metaspace       used 73873K, committed 75264K, reserved 1122304K
  class space    used 7566K, committed 8384K, reserved 1048576K
}
Event: 184.538 GC heap before
{Heap before GC invocations=148 (full 7):
 PSYoungGen      total 27648K, used 27237K [0x00000000eab00000, 0x00000000ed380000, 0x0000000100000000)
  eden space 15360K, 100% used [0x00000000eab00000,0x00000000eba00000,0x00000000eba00000)
  from space 12288K, 96% used [0x00000000ec780000,0x00000000ed319698,0x00000000ed380000)
  to   space 12288K, 0% used [0x00000000ebb80000,0x00000000ebb80000,0x00000000ec780000)
 ParOldGen       total 129536K, used 111162K [0x00000000c0000000, 0x00000000c7e80000, 0x00000000eab00000)
  object space 129536K, 85% used [0x00000000c0000000,0x00000000c6c8e9f0,0x00000000c7e80000)
 Metaspace       used 73873K, committed 75264K, reserved 1122304K
  class space    used 7566K, committed 8384K, reserved 1048576K
}
Event: 184.651 GC heap after
{Heap after GC invocations=148 (full 7):
 PSYoungGen      total 29184K, used 12272K [0x00000000eab00000, 0x00000000edc00000, 0x0000000100000000)
  eden space 16896K, 0% used [0x00000000eab00000,0x00000000eab00000,0x00000000ebb80000)
  from space 12288K, 99% used [0x00000000ebb80000,0x00000000ec77c2a0,0x00000000ec780000)
  to   space 16384K, 0% used [0x00000000ecc00000,0x00000000ecc00000,0x00000000edc00000)
 ParOldGen       total 129536K, used 114207K [0x00000000c0000000, 0x00000000c7e80000, 0x00000000eab00000)
  object space 129536K, 88% used [0x00000000c0000000,0x00000000c6f87c10,0x00000000c7e80000)
 Metaspace       used 73873K, committed 75264K, reserved 1122304K
  class space    used 7566K, committed 8384K, reserved 1048576K
}
Event: 185.488 GC heap before
{Heap before GC invocations=149 (full 7):
 PSYoungGen      total 29184K, used 29168K [0x00000000eab00000, 0x00000000edc00000, 0x0000000100000000)
  eden space 16896K, 100% used [0x00000000eab00000,0x00000000ebb80000,0x00000000ebb80000)
  from space 12288K, 99% used [0x00000000ebb80000,0x00000000ec77c2a0,0x00000000ec780000)
  to   space 16384K, 0% used [0x00000000ecc00000,0x00000000ecc00000,0x00000000edc00000)
 ParOldGen       total 129536K, used 114207K [0x00000000c0000000, 0x00000000c7e80000, 0x00000000eab00000)
  object space 129536K, 88% used [0x00000000c0000000,0x00000000c6f87c10,0x00000000c7e80000)
 Metaspace       used 73873K, committed 75264K, reserved 1122304K
  class space    used 7566K, committed 8384K, reserved 1048576K
}
Event: 185.835 GC heap after
{Heap after GC invocations=149 (full 7):
 PSYoungGen      total 31232K, used 11305K [0x00000000eab00000, 0x00000000ed780000, 0x0000000100000000)
  eden space 19456K, 0% used [0x00000000eab00000,0x00000000eab00000,0x00000000ebe00000)
  from space 11776K, 96% used [0x00000000ecc00000,0x00000000ed70a638,0x00000000ed780000)
  to   space 12800K, 0% used [0x00000000ebe80000,0x00000000ebe80000,0x00000000ecb00000)
 ParOldGen       total 129536K, used 118935K [0x00000000c0000000, 0x00000000c7e80000, 0x00000000eab00000)
  object space 129536K, 91% used [0x00000000c0000000,0x00000000c7425db0,0x00000000c7e80000)
 Metaspace       used 73873K, committed 75264K, reserved 1122304K
  class space    used 7566K, committed 8384K, reserved 1048576K
}
Event: 190.717 GC heap before
{Heap before GC invocations=150 (full 7):
 PSYoungGen      total 31232K, used 30761K [0x00000000eab00000, 0x00000000ed780000, 0x0000000100000000)
  eden space 19456K, 100% used [0x00000000eab00000,0x00000000ebe00000,0x00000000ebe00000)
  from space 11776K, 96% used [0x00000000ecc00000,0x00000000ed70a638,0x00000000ed780000)
  to   space 12800K, 0% used [0x00000000ebe80000,0x00000000ebe80000,0x00000000ecb00000)
 ParOldGen       total 129536K, used 118935K [0x00000000c0000000, 0x00000000c7e80000, 0x00000000eab00000)
  object space 129536K, 91% used [0x00000000c0000000,0x00000000c7425db0,0x00000000c7e80000)
 Metaspace       used 73873K, committed 75264K, reserved 1122304K
  class space    used 7566K, committed 8384K, reserved 1048576K
}
Event: 190.886 GC heap after
{Heap after GC invocations=150 (full 7):
 PSYoungGen      total 32768K, used 11015K [0x00000000eab00000, 0x00000000ed780000, 0x0000000100000000)
  eden space 19968K, 0% used [0x00000000eab00000,0x00000000eab00000,0x00000000ebe80000)
  from space 12800K, 86% used [0x00000000ebe80000,0x00000000ec941f88,0x00000000ecb00000)
  to   space 11776K, 0% used [0x00000000ecc00000,0x00000000ecc00000,0x00000000ed780000)
 ParOldGen       total 129536K, used 123596K [0x00000000c0000000, 0x00000000c7e80000, 0x00000000eab00000)
  object space 129536K, 95% used [0x00000000c0000000,0x00000000c78b3008,0x00000000c7e80000)
 Metaspace       used 73873K, committed 75264K, reserved 1122304K
  class space    used 7566K, committed 8384K, reserved 1048576K
}
Event: 191.455 GC heap before
{Heap before GC invocations=151 (full 7):
 PSYoungGen      total 32768K, used 30983K [0x00000000eab00000, 0x00000000ed780000, 0x0000000100000000)
  eden space 19968K, 100% used [0x00000000eab00000,0x00000000ebe80000,0x00000000ebe80000)
  from space 12800K, 86% used [0x00000000ebe80000,0x00000000ec941f88,0x00000000ecb00000)
  to   space 11776K, 0% used [0x00000000ecc00000,0x00000000ecc00000,0x00000000ed780000)
 ParOldGen       total 129536K, used 123596K [0x00000000c0000000, 0x00000000c7e80000, 0x00000000eab00000)
  object space 129536K, 95% used [0x00000000c0000000,0x00000000c78b3008,0x00000000c7e80000)
 Metaspace       used 73873K, committed 75264K, reserved 1122304K
  class space    used 7566K, committed 8384K, reserved 1048576K
}
Event: 191.532 GC heap after
{Heap after GC invocations=151 (full 7):
 PSYoungGen      total 32256K, used 9396K [0x00000000eab00000, 0x00000000ed580000, 0x0000000100000000)
  eden space 22528K, 0% used [0x00000000eab00000,0x00000000eab00000,0x00000000ec100000)
  from space 9728K, 96% used [0x00000000ecc00000,0x00000000ed52d2e0,0x00000000ed580000)
  to   space 10240K, 0% used [0x00000000ec180000,0x00000000ec180000,0x00000000ecb80000)
 ParOldGen       total 130048K, used 130043K [0x00000000c0000000, 0x00000000c7f00000, 0x00000000eab00000)
  object space 130048K, 99% used [0x00000000c0000000,0x00000000c7efeee8,0x00000000c7f00000)
 Metaspace       used 73873K, committed 75264K, reserved 1122304K
  class space    used 7566K, committed 8384K, reserved 1048576K
}
Event: 191.533 GC heap before
{Heap before GC invocations=152 (full 8):
 PSYoungGen      total 32256K, used 9396K [0x00000000eab00000, 0x00000000ed580000, 0x0000000100000000)
  eden space 22528K, 0% used [0x00000000eab00000,0x00000000eab00000,0x00000000ec100000)
  from space 9728K, 96% used [0x00000000ecc00000,0x00000000ed52d2e0,0x00000000ed580000)
  to   space 10240K, 0% used [0x00000000ec180000,0x00000000ec180000,0x00000000ecb80000)
 ParOldGen       total 130048K, used 130043K [0x00000000c0000000, 0x00000000c7f00000, 0x00000000eab00000)
  object space 130048K, 99% used [0x00000000c0000000,0x00000000c7efeee8,0x00000000c7f00000)
 Metaspace       used 73873K, committed 75264K, reserved 1122304K
  class space    used 7566K, committed 8384K, reserved 1048576K
}

