# JRE version: OpenJDK Runtime Environment Temurin-17.0.2+8 (17.0.2+8) (build 17.0.2+8)
# Java VM: OpenJDK 64-Bit Server VM Temurin-17.0.2+8 (17.0.2+8, mixed mode, tiered, compressed oops, compressed class ptrs, parallel gc, linux-amd64)
GC Precious Log:
 CPUs: 8 total, 8 available
 Memory: 3893M
 Large Page Support: Disabled
 NUMA Support: Disabled
 Compressed Oops: Enabled (32-bit)
 Alignments: Space 512K, Generation 512K, Heap 2M
 Heap Min Capacity: 100M
 Heap Initial Capacity: 100M
 Heap Max Capacity: 1G
 Pre-touch: Disabled
 Parallel Workers: 8
Heap:
 PSYoungGen      total 79360K, used 0K [0x00000000eab00000, 0x00000000f1880000, 0x0000000100000000)
  eden space 60416K, 0% used [0x00000000eab00000,0x00000000eab00000,0x00000000ee600000)
  from space 18944K, 0% used [0x00000000ef380000,0x00000000ef380000,0x00000000f0600000)
  to   space 14848K, 0% used [0x00000000f0a00000,0x00000000f0a00000,0x00000000f1880000)
 ParOldGen       total 257024K, used 255355K [0x00000000c0000000, 0x00000000cfb00000, 0x00000000eab00000)
  object space 257024K, 99% used [0x00000000c0000000,0x00000000cf95ee08,0x00000000cfb00000)
 Metaspace       used 56537K, committed 57536K, reserved 1105920K
  class space    used 5962K, committed 6400K, reserved 1048576K
GC Heap History (20 events):
Event: 11.168 GC heap after
{Heap after GC invocations=54 (full 5):
 PSYoungGen      total 53760K, used 9436K [0x00000000eab00000, 0x00000000ef880000, 0x0000000100000000)
  eden space 44032K, 0% used [0x00000000eab00000,0x00000000eab00000,0x00000000ed600000)
  from space 9728K, 97% used [0x00000000ed600000,0x00000000edf371f0,0x00000000edf80000)
  to   space 14848K, 0% used [0x00000000eea00000,0x00000000eea00000,0x00000000ef880000)
 ParOldGen       total 192000K, used 172611K [0x00000000c0000000, 0x00000000cbb80000, 0x00000000eab00000)
  object space 192000K, 89% used [0x00000000c0000000,0x00000000ca890e90,0x00000000cbb80000)
 Metaspace       used 52463K, committed 53376K, reserved 1097728K
  class space    used 5606K, committed 6016K, reserved 1048576K
}
Event: 11.348 GC heap before
{Heap before GC invocations=55 (full 5):
 PSYoungGen      total 53760K, used 53468K [0x00000000eab00000, 0x00000000ef880000, 0x0000000100000000)
  eden space 44032K, 100% used [0x00000000eab00000,0x00000000ed600000,0x00000000ed600000)
  from space 9728K, 97% used [0x00000000ed600000,0x00000000edf371f0,0x00000000edf80000)
  to   space 14848K, 0% used [0x00000000eea00000,0x00000000eea00000,0x00000000ef880000)
 ParOldGen       total 192000K, used 172611K [0x00000000c0000000, 0x00000000cbb80000, 0x00000000eab00000)
  object space 192000K, 89% used [0x00000000c0000000,0x00000000ca890e90,0x00000000cbb80000)
 Metaspace       used 52505K, committed 53440K, reserved 1097728K
  class space    used 5606K, committed 6016K, reserved 1048576K
}
Event: 11.394 GC heap after
{Heap after GC invocations=55 (full 5):
 PSYoungGen      total 59904K, used 9579K [0x00000000eab00000, 0x00000000ef380000, 0x0000000100000000)
  eden space 50176K, 0% used [0x00000000eab00000,0x00000000eab00000,0x00000000edc00000)
  from space 9728K, 98% used [0x00000000eea00000,0x00000000ef35af80,0x00000000ef380000)
  to   space 10752K, 0% used [0x00000000ede80000,0x00000000ede80000,0x00000000ee900000)
 ParOldGen       total 192000K, used 181937K [0x00000000c0000000, 0x00000000cbb80000, 0x00000000eab00000)
  object space 192000K, 94% used [0x00000000c0000000,0x00000000cb1ac6c0,0x00000000cbb80000)
 Metaspace       used 52505K, committed 53440K, reserved 1097728K
  class space    used 5606K, committed 6016K, reserved 1048576K
}
Event: 11.394 GC heap before
{Heap before GC invocations=56 (full 6):
 PSYoungGen      total 59904K, used 9579K [0x00000000eab00000, 0x00000000ef380000, 0x0000000100000000)
  eden space 50176K, 0% used [0x00000000eab00000,0x00000000eab00000,0x00000000edc00000)
  from space 9728K, 98% used [0x00000000eea00000,0x00000000ef35af80,0x00000000ef380000)
  to   space 10752K, 0% used [0x00000000ede80000,0x00000000ede80000,0x00000000ee900000)
 ParOldGen       total 192000K, used 181937K [0x00000000c0000000, 0x00000000cbb80000, 0x00000000eab00000)
  object space 192000K, 94% used [0x00000000c0000000,0x00000000cb1ac6c0,0x00000000cbb80000)
 Metaspace       used 52505K, committed 53440K, reserved 1097728K
  class space    used 5606K, committed 6016K, reserved 1048576K
}
Event: 11.545 GC heap after
{Heap after GC invocations=56 (full 6):
 PSYoungGen      total 63488K, used 0K [0x00000000eab00000, 0x00000000ef780000, 0x0000000100000000)
  eden space 52736K, 0% used [0x00000000eab00000,0x00000000eab00000,0x00000000ede80000)
  from space 10752K, 0% used [0x00000000ede80000,0x00000000ede80000,0x00000000ee900000)
  to   space 10752K, 0% used [0x00000000eed00000,0x00000000eed00000,0x00000000ef780000)
 ParOldGen       total 257024K, used 187506K [0x00000000c0000000, 0x00000000cfb00000, 0x00000000eab00000)
  object space 257024K, 72% used [0x00000000c0000000,0x00000000cb71c8b8,0x00000000cfb00000)
 Metaspace       used 52505K, committed 53440K, reserved 1097728K
  class space    used 5606K, committed 6016K, reserved 1048576K
}
Event: 11.757 GC heap before
{Heap before GC invocations=57 (full 6):
 PSYoungGen      total 63488K, used 52736K [0x00000000eab00000, 0x00000000ef780000, 0x0000000100000000)
  eden space 52736K, 100% used [0x00000000eab00000,0x00000000ede80000,0x00000000ede80000)
  from space 10752K, 0% used [0x00000000ede80000,0x00000000ede80000,0x00000000ee900000)
  to   space 10752K, 0% used [0x00000000eed00000,0x00000000eed00000,0x00000000ef780000)
 ParOldGen       total 257024K, used 187506K [0x00000000c0000000, 0x00000000cfb00000, 0x00000000eab00000)
  object space 257024K, 72% used [0x00000000c0000000,0x00000000cb71c8b8,0x00000000cfb00000)
 Metaspace       used 52713K, committed 53632K, reserved 1097728K
  class space    used 5611K, committed 6016K, reserved 1048576K
}
Event: 11.774 GC heap after
{Heap after GC invocations=57 (full 6):
 PSYoungGen      total 67584K, used 10488K [0x00000000eab00000, 0x00000000efa00000, 0x0000000100000000)
  eden space 56832K, 0% used [0x00000000eab00000,0x00000000eab00000,0x00000000ee280000)
  from space 10752K, 97% used [0x00000000eed00000,0x00000000ef73e000,0x00000000ef780000)
  to   space 10752K, 0% used [0x00000000ee280000,0x00000000ee280000,0x00000000eed00000)
 ParOldGen       total 257024K, used 187514K [0x00000000c0000000, 0x00000000cfb00000, 0x00000000eab00000)
  object space 257024K, 72% used [0x00000000c0000000,0x00000000cb71e8b8,0x00000000cfb00000)
 Metaspace       used 52713K, committed 53632K, reserved 1097728K
  class space    used 5611K, committed 6016K, reserved 1048576K
}
Event: 11.982 GC heap before
{Heap before GC invocations=58 (full 6):
 PSYoungGen      total 67584K, used 67320K [0x00000000eab00000, 0x00000000efa00000, 0x0000000100000000)
  eden space 56832K, 100% used [0x00000000eab00000,0x00000000ee280000,0x00000000ee280000)
  from space 10752K, 97% used [0x00000000eed00000,0x00000000ef73e000,0x00000000ef780000)
  to   space 10752K, 0% used [0x00000000ee280000,0x00000000ee280000,0x00000000eed00000)
 ParOldGen       total 257024K, used 187514K [0x00000000c0000000, 0x00000000cfb00000, 0x00000000eab00000)
  object space 257024K, 72% used [0x00000000c0000000,0x00000000cb71e8b8,0x00000000cfb00000)
 Metaspace       used 52991K, committed 53888K, reserved 1097728K
  class space    used 5632K, committed 6016K, reserved 1048576K
}
Event: 12.088 GC heap after
{Heap after GC invocations=58 (full 6):
 PSYoungGen      total 67584K, used 8988K [0x00000000eab00000, 0x00000000efd80000, 0x0000000100000000)
  eden space 56832K, 0% used [0x00000000eab00000,0x00000000eab00000,0x00000000ee280000)
  from space 10752K, 83% used [0x00000000ee280000,0x00000000eeb471f0,0x00000000eed00000)
  to   space 9728K, 0% used [0x00000000ef400000,0x00000000ef400000,0x00000000efd80000)
 ParOldGen       total 257024K, used 197770K [0x00000000c0000000, 0x00000000cfb00000, 0x00000000eab00000)
  object space 257024K, 76% used [0x00000000c0000000,0x00000000cc122b18,0x00000000cfb00000)
 Metaspace       used 52991K, committed 53888K, reserved 1097728K
  class space    used 5632K, committed 6016K, reserved 1048576K
}
Event: 12.393 GC heap before
{Heap before GC invocations=59 (full 6):
 PSYoungGen      total 67584K, used 65820K [0x00000000eab00000, 0x00000000efd80000, 0x0000000100000000)
  eden space 56832K, 100% used [0x00000000eab00000,0x00000000ee280000,0x00000000ee280000)
  from space 10752K, 83% used [0x00000000ee280000,0x00000000eeb471f0,0x00000000eed00000)
  to   space 9728K, 0% used [0x00000000ef400000,0x00000000ef400000,0x00000000efd80000)
 ParOldGen       total 257024K, used 197770K [0x00000000c0000000, 0x00000000cfb00000, 0x00000000eab00000)
  object space 257024K, 76% used [0x00000000c0000000,0x00000000cc122b18,0x00000000cfb00000)
 Metaspace       used 53280K, committed 54272K, reserved 1097728K
  class space    used 5653K, committed 6080K, reserved 1048576K
}
Event: 12.422 GC heap after
{Heap after GC invocations=59 (full 6):
 PSYoungGen      total 63488K, used 9703K [0x00000000eab00000, 0x00000000f1380000, 0x0000000100000000)
  eden space 53760K, 0% used [0x00000000eab00000,0x00000000eab00000,0x00000000edf80000)
  from space 9728K, 99% used [0x00000000ef400000,0x00000000efd79d20,0x00000000efd80000)
  to   space 20992K, 0% used [0x00000000edf80000,0x00000000edf80000,0x00000000ef400000)
 ParOldGen       total 257024K, used 207024K [0x00000000c0000000, 0x00000000cfb00000, 0x00000000eab00000)
  object space 257024K, 80% used [0x00000000c0000000,0x00000000cca2c0d8,0x00000000cfb00000)
 Metaspace       used 53280K, committed 54272K, reserved 1097728K
  class space    used 5653K, committed 6080K, reserved 1048576K
}
Event: 12.759 GC heap before
{Heap before GC invocations=60 (full 6):
 PSYoungGen      total 63488K, used 63463K [0x00000000eab00000, 0x00000000f1380000, 0x0000000100000000)
  eden space 53760K, 100% used [0x00000000eab00000,0x00000000edf80000,0x00000000edf80000)
  from space 9728K, 99% used [0x00000000ef400000,0x00000000efd79d20,0x00000000efd80000)
  to   space 20992K, 0% used [0x00000000edf80000,0x00000000edf80000,0x00000000ef400000)
 ParOldGen       total 257024K, used 207024K [0x00000000c0000000, 0x00000000cfb00000, 0x00000000eab00000)
  object space 257024K, 80% used [0x00000000c0000000,0x00000000cca2c0d8,0x00000000cfb00000)
 Metaspace       used 54569K, committed 55488K, reserved 1105920K
  class space    used 5762K, committed 6144K, reserved 1048576K
}
Event: 12.792 GC heap after
{Heap after GC invocations=60 (full 6):
 PSYoungGen      total 74752K, used 11615K [0x00000000eab00000, 0x00000000f0280000, 0x0000000100000000)
  eden space 53760K, 0% used [0x00000000eab00000,0x00000000eab00000,0x00000000edf80000)
  from space 20992K, 55% used [0x00000000edf80000,0x00000000eead7e68,0x00000000ef400000)
  to   space 14336K, 0% used [0x00000000ef480000,0x00000000ef480000,0x00000000f0280000)
 ParOldGen       total 257024K, used 216532K [0x00000000c0000000, 0x00000000cfb00000, 0x00000000eab00000)
  object space 257024K, 84% used [0x00000000c0000000,0x00000000cd3750b0,0x00000000cfb00000)
 Metaspace       used 54569K, committed 55488K, reserved 1105920K
  class space    used 5762K, committed 6144K, reserved 1048576K
}
Event: 13.092 GC heap before
{Heap before GC invocations=61 (full 6):
 PSYoungGen      total 74752K, used 65375K [0x00000000eab00000, 0x00000000f0280000, 0x0000000100000000)
  eden space 53760K, 100% used [0x00000000eab00000,0x00000000edf80000,0x00000000edf80000)
  from space 20992K, 55% used [0x00000000edf80000,0x00000000eead7e68,0x00000000ef400000)
  to   space 14336K, 0% used [0x00000000ef480000,0x00000000ef480000,0x00000000f0280000)
 ParOldGen       total 257024K, used 216532K [0x00000000c0000000, 0x00000000cfb00000, 0x00000000eab00000)
  object space 257024K, 84% used [0x00000000c0000000,0x00000000cd3750b0,0x00000000cfb00000)
 Metaspace       used 55638K, committed 56640K, reserved 1105920K
  class space    used 5913K, committed 6336K, reserved 1048576K
}
Event: 13.119 GC heap after
{Heap after GC invocations=61 (full 6):
 PSYoungGen      total 73216K, used 12135K [0x00000000eab00000, 0x00000000f0080000, 0x0000000100000000)
  eden space 60928K, 0% used [0x00000000eab00000,0x00000000eab00000,0x00000000ee680000)
  from space 12288K, 98% used [0x00000000ef480000,0x00000000f0059c38,0x00000000f0080000)
  to   space 12800K, 0% used [0x00000000ee780000,0x00000000ee780000,0x00000000ef400000)
 ParOldGen       total 257024K, used 227893K [0x00000000c0000000, 0x00000000cfb00000, 0x00000000eab00000)
  object space 257024K, 88% used [0x00000000c0000000,0x00000000cde8d660,0x00000000cfb00000)
 Metaspace       used 55638K, committed 56640K, reserved 1105920K
  class space    used 5913K, committed 6336K, reserved 1048576K
}
Event: 13.399 GC heap before
{Heap before GC invocations=62 (full 6):
 PSYoungGen      total 73216K, used 73063K [0x00000000eab00000, 0x00000000f0080000, 0x0000000100000000)
  eden space 60928K, 100% used [0x00000000eab00000,0x00000000ee680000,0x00000000ee680000)
  from space 12288K, 98% used [0x00000000ef480000,0x00000000f0059c38,0x00000000f0080000)
  to   space 12800K, 0% used [0x00000000ee780000,0x00000000ee780000,0x00000000ef400000)
 ParOldGen       total 257024K, used 227893K [0x00000000c0000000, 0x00000000cfb00000, 0x00000000eab00000)
  object space 257024K, 88% used [0x00000000c0000000,0x00000000cde8d660,0x00000000cfb00000)
 Metaspace       used 55643K, committed 56640K, reserved 1105920K
  class space    used 5913K, committed 6336K, reserved 1048576K
}
Event: 13.424 GC heap after
{Heap after GC invocations=62 (full 6):
 PSYoungGen      total 74752K, used 12784K [0x00000000eab00000, 0x00000000f2680000, 0x0000000100000000)
  eden space 61952K, 0% used [0x00000000eab00000,0x00000000eab00000,0x00000000ee780000)
  from space 12800K, 99% used [0x00000000ee780000,0x00000000ef3fc118,0x00000000ef400000)
  to   space 29184K, 0% used [0x00000000f0a00000,0x00000000f0a00000,0x00000000f2680000)
 ParOldGen       total 257024K, used 241791K [0x00000000c0000000, 0x00000000cfb00000, 0x00000000eab00000)
  object space 257024K, 94% used [0x00000000c0000000,0x00000000cec1fe68,0x00000000cfb00000)
 Metaspace       used 55643K, committed 56640K, reserved 1105920K
  class space    used 5913K, committed 6336K, reserved 1048576K
}
Event: 13.908 GC heap before
{Heap before GC invocations=63 (full 6):
 PSYoungGen      total 74752K, used 74736K [0x00000000eab00000, 0x00000000f2680000, 0x0000000100000000)
  eden space 61952K, 100% used [0x00000000eab00000,0x00000000ee780000,0x00000000ee780000)
  from space 12800K, 99% used [0x00000000ee780000,0x00000000ef3fc118,0x00000000ef400000)
  to   space 29184K, 0% used [0x00000000f0a00000,0x00000000f0a00000,0x00000000f2680000)
 ParOldGen       total 257024K, used 241791K [0x00000000c0000000, 0x00000000cfb00000, 0x00000000eab00000)
  object space 257024K, 94% used [0x00000000c0000000,0x00000000cec1fe68,0x00000000cfb00000)
 Metaspace       used 56537K, committed 57536K, reserved 1105920K
  class space    used 5962K, committed 6400K, reserved 1048576K
}
Event: 13.963 GC heap after
{Heap after GC invocations=63 (full 6):
 PSYoungGen      total 75264K, used 14517K [0x00000000eab00000, 0x00000000f1880000, 0x0000000100000000)
  eden space 60416K, 0% used [0x00000000eab00000,0x00000000eab00000,0x00000000ee600000)
  from space 14848K, 97% used [0x00000000f0a00000,0x00000000f182d460,0x00000000f1880000)
  to   space 18944K, 0% used [0x00000000ef380000,0x00000000ef380000,0x00000000f0600000)
 ParOldGen       total 257024K, used 254593K [0x00000000c0000000, 0x00000000cfb00000, 0x00000000eab00000)
  object space 257024K, 99% used [0x00000000c0000000,0x00000000cf8a0758,0x00000000cfb00000)
 Metaspace       used 56537K, committed 57536K, reserved 1105920K
  class space    used 5962K, committed 6400K, reserved 1048576K
}
Event: 13.963 GC heap before
{Heap before GC invocations=64 (full 7):
 PSYoungGen      total 75264K, used 14517K [0x00000000eab00000, 0x00000000f1880000, 0x0000000100000000)
  eden space 60416K, 0% used [0x00000000eab00000,0x00000000eab00000,0x00000000ee600000)
  from space 14848K, 97% used [0x00000000f0a00000,0x00000000f182d460,0x00000000f1880000)
  to   space 18944K, 0% used [0x00000000ef380000,0x00000000ef380000,0x00000000f0600000)
 ParOldGen       total 257024K, used 254593K [0x00000000c0000000, 0x00000000cfb00000, 0x00000000eab00000)
  object space 257024K, 99% used [0x00000000c0000000,0x00000000cf8a0758,0x00000000cfb00000)
 Metaspace       used 56537K, committed 57536K, reserved 1105920K
  class space    used 5962K, committed 6400K, reserved 1048576K
}

