# JRE version: OpenJDK Runtime Environment (11.0.13+8) (build 11.0.13+8-Ubuntu-0ubuntu1.20.04)
# Java VM: OpenJDK 64-Bit Server VM (11.0.13+8-Ubuntu-0ubuntu1.20.04, mixed mode, sharing, tiered, compressed oops, g1 gc, linux-amd64)
Heap:
 garbage-first heap   total 412672K, used 36496K [0x00000000c3200000, 0x0000000100000000)
  region size 1024K, 2 young (2048K), 2 survivors (2048K)
 Metaspace       used 58142K, capacity 60035K, committed 60416K, reserved 1101824K
  class space    used 7640K, capacity 8363K, committed 8448K, reserved 1048576K
GC Heap History (20 events):
Event: 4.205 GC heap after
{Heap after GC invocations=14 (full 0):
 garbage-first heap   total 149504K, used 15277K [0x00000000c3200000, 0x0000000100000000)
  region size 1024K, 7 young (7168K), 7 survivors (7168K)
 Metaspace       used 34353K, capacity 35638K, committed 35840K, reserved 1081344K
  class space    used 4287K, capacity 4811K, committed 4864K, reserved 1048576K
}
Event: 4.767 GC heap before
{Heap before GC invocations=15 (full 0):
 garbage-first heap   total 149504K, used 87981K [0x00000000c3200000, 0x0000000100000000)
  region size 1024K, 78 young (79872K), 7 survivors (7168K)
 Metaspace       used 39223K, capacity 40706K, committed 41088K, reserved 1085440K
  class space    used 4857K, capacity 5431K, committed 5504K, reserved 1048576K
}
Event: 4.775 GC heap after
{Heap after GC invocations=16 (full 0):
 garbage-first heap   total 149504K, used 16440K [0x00000000c3200000, 0x0000000100000000)
  region size 1024K, 6 young (6144K), 6 survivors (6144K)
 Metaspace       used 39223K, capacity 40706K, committed 41088K, reserved 1085440K
  class space    used 4857K, capacity 5431K, committed 5504K, reserved 1048576K
}
Event: 5.259 GC heap before
{Heap before GC invocations=16 (full 0):
 garbage-first heap   total 149504K, used 96312K [0x00000000c3200000, 0x0000000100000000)
  region size 1024K, 84 young (86016K), 6 survivors (6144K)
 Metaspace       used 42337K, capacity 43836K, committed 44160K, reserved 1087488K
  class space    used 5411K, capacity 6003K, committed 6016K, reserved 1048576K
}
Event: 5.270 GC heap after
{Heap after GC invocations=17 (full 0):
 garbage-first heap   total 149504K, used 17262K [0x00000000c3200000, 0x0000000100000000)
  region size 1024K, 5 young (5120K), 5 survivors (5120K)
 Metaspace       used 42337K, capacity 43836K, committed 44160K, reserved 1087488K
  class space    used 5411K, capacity 6003K, committed 6016K, reserved 1048576K
}
Event: 5.799 GC heap before
{Heap before GC invocations=17 (full 0):
 garbage-first heap   total 149504K, used 101230K [0x00000000c3200000, 0x0000000100000000)
  region size 1024K, 87 young (89088K), 5 survivors (5120K)
 Metaspace       used 45061K, capacity 46522K, committed 46976K, reserved 1089536K
  class space    used 5856K, capacity 6429K, committed 6528K, reserved 1048576K
}
Event: 5.811 GC heap after
{Heap after GC invocations=18 (full 0):
 garbage-first heap   total 149504K, used 17952K [0x00000000c3200000, 0x0000000100000000)
  region size 1024K, 6 young (6144K), 6 survivors (6144K)
 Metaspace       used 45061K, capacity 46522K, committed 46976K, reserved 1089536K
  class space    used 5856K, capacity 6429K, committed 6528K, reserved 1048576K
}
Event: 6.383 GC heap before
{Heap before GC invocations=18 (full 0):
 garbage-first heap   total 149504K, used 100896K [0x00000000c3200000, 0x0000000100000000)
  region size 1024K, 87 young (89088K), 6 survivors (6144K)
 Metaspace       used 47573K, capacity 49085K, committed 49536K, reserved 1091584K
  class space    used 6194K, capacity 6772K, committed 6784K, reserved 1048576K
}
Event: 6.394 GC heap after
{Heap after GC invocations=19 (full 0):
 garbage-first heap   total 149504K, used 18649K [0x00000000c3200000, 0x0000000100000000)
  region size 1024K, 6 young (6144K), 6 survivors (6144K)
 Metaspace       used 47573K, capacity 49085K, committed 49536K, reserved 1091584K
  class space    used 6194K, capacity 6772K, committed 6784K, reserved 1048576K
}
Event: 7.213 GC heap before
{Heap before GC invocations=19 (full 0):
 garbage-first heap   total 149504K, used 101593K [0x00000000c3200000, 0x0000000100000000)
  region size 1024K, 87 young (89088K), 6 survivors (6144K)
 Metaspace       used 51519K, capacity 53052K, committed 53504K, reserved 1095680K
  class space    used 6821K, capacity 7407K, committed 7424K, reserved 1048576K
}
Event: 7.246 GC heap after
{Heap after GC invocations=20 (full 0):
 garbage-first heap   total 149504K, used 19243K [0x00000000c3200000, 0x0000000100000000)
  region size 1024K, 7 young (7168K), 7 survivors (7168K)
 Metaspace       used 51519K, capacity 53052K, committed 53504K, reserved 1095680K
  class space    used 6821K, capacity 7407K, committed 7424K, reserved 1048576K
}
Event: 8.040 GC heap before
{Heap before GC invocations=20 (full 0):
 garbage-first heap   total 149504K, used 101163K [0x00000000c3200000, 0x0000000100000000)
  region size 1024K, 87 young (89088K), 7 survivors (7168K)
 Metaspace       used 54416K, capacity 56064K, committed 56320K, reserved 1097728K
  class space    used 7196K, capacity 7859K, committed 7936K, reserved 1048576K
}
Event: 8.050 GC heap after
{Heap after GC invocations=21 (full 0):
 garbage-first heap   total 149504K, used 20366K [0x00000000c3200000, 0x0000000100000000)
  region size 1024K, 6 young (6144K), 6 survivors (6144K)
 Metaspace       used 54416K, capacity 56064K, committed 56320K, reserved 1097728K
  class space    used 7196K, capacity 7859K, committed 7936K, reserved 1048576K
}
Event: 9.355 GC heap before
{Heap before GC invocations=21 (full 0):
 garbage-first heap   total 149504K, used 103310K [0x00000000c3200000, 0x0000000100000000)
  region size 1024K, 87 young (89088K), 6 survivors (6144K)
 Metaspace       used 57696K, capacity 59600K, committed 59904K, reserved 1101824K
  class space    used 7609K, capacity 8328K, committed 8448K, reserved 1048576K
}
Event: 9.363 GC heap after
{Heap after GC invocations=22 (full 0):
 garbage-first heap   total 149504K, used 22660K [0x00000000c3200000, 0x0000000100000000)
  region size 1024K, 8 young (8192K), 8 survivors (8192K)
 Metaspace       used 57696K, capacity 59600K, committed 59904K, reserved 1101824K
  class space    used 7609K, capacity 8328K, committed 8448K, reserved 1048576K
}
Event: 9.838 GC heap before
{Heap before GC invocations=22 (full 0):
 garbage-first heap   total 149504K, used 104580K [0x00000000c3200000, 0x0000000100000000)
  region size 1024K, 87 young (89088K), 8 survivors (8192K)
 Metaspace       used 58029K, capacity 59892K, committed 60160K, reserved 1101824K
  class space    used 7624K, capacity 8361K, committed 8448K, reserved 1048576K
}
Event: 9.890 GC heap after
{Heap after GC invocations=23 (full 0):
 garbage-first heap   total 149504K, used 29858K [0x00000000c3200000, 0x0000000100000000)
  region size 1024K, 11 young (11264K), 11 survivors (11264K)
 Metaspace       used 58029K, capacity 59892K, committed 60160K, reserved 1101824K
  class space    used 7624K, capacity 8361K, committed 8448K, reserved 1048576K
}
Event: 11.005 GC heap before
{Heap before GC invocations=23 (full 0):
 garbage-first heap   total 149504K, used 51362K [0x00000000c3200000, 0x0000000100000000)
  region size 1024K, 33 young (33792K), 11 survivors (11264K)
 Metaspace       used 58130K, capacity 59969K, committed 60160K, reserved 1101824K
  class space    used 7632K, capacity 8362K, committed 8448K, reserved 1048576K
}
Event: 11.866 GC heap after
{Heap after GC invocations=24 (full 0):
 garbage-first heap   total 149504K, used 35360K [0x00000000c3200000, 0x0000000100000000)
  region size 1024K, 8 young (8192K), 8 survivors (8192K)
 Metaspace       used 58130K, capacity 59969K, committed 60160K, reserved 1101824K
  class space    used 7632K, capacity 8362K, committed 8448K, reserved 1048576K
}
Event: 13.058 GC heap before
{Heap before GC invocations=25 (full 0):
 garbage-first heap   total 149504K, used 36384K [0x00000000c3200000, 0x0000000100000000)
  region size 1024K, 9 young (9216K), 8 survivors (8192K)
 Metaspace       used 58142K, capacity 60035K, committed 60416K, reserved 1101824K
  class space    used 7640K, capacity 8363K, committed 8448K, reserved 1048576K
}

